This is pdfTeX, Version 3.141592653-2.6-1.40.25 (TeX Live 2023) (preloaded format=pdflatex 2023.11.15)  18 NOV 2023 00:20
entering extended mode
 restricted \write18 enabled.
 %&-line parsing enabled.
**P4-sheet-sols.tex
(./P4-sheet-sols.tex
LaTeX2e <2023-11-01>
L3 programming layer <2023-11-09>
(/Users/mpaldridge/Library/TinyTeX/texmf-dist/tex/latex/base/article.cls
Document Class: article 2023/05/17 v1.4n Standard LaTeX document class
(/Users/mpaldridge/Library/TinyTeX/texmf-dist/tex/latex/base/size10.clo
File: size10.clo 2023/05/17 v1.4n Standard LaTeX file (size option)
)
\c@part=\count186
\c@section=\count187
\c@subsection=\count188
\c@subsubsection=\count189
\c@paragraph=\count190
\c@subparagraph=\count191
\c@figure=\count192
\c@table=\count193
\abovecaptionskip=\skip48
\belowcaptionskip=\skip49
\bibindent=\dimen140
) (/Users/mpaldridge/Library/TinyTeX/texmf-dist/tex/latex/amsmath/amsmath.sty
Package: amsmath 2023/05/13 v2.17o AMS math features
\@mathmargin=\skip50
For additional information on amsmath, use the `?' option.
(/Users/mpaldridge/Library/TinyTeX/texmf-dist/tex/latex/amsmath/amstext.sty
Package: amstext 2021/08/26 v2.01 AMS text
(/Users/mpaldridge/Library/TinyTeX/texmf-dist/tex/latex/amsmath/amsgen.sty
File: amsgen.sty 1999/11/30 v2.0 generic functions
\@emptytoks=\toks17
\ex@=\dimen141
)) (/Users/mpaldridge/Library/TinyTeX/texmf-dist/tex/latex/amsmath/amsbsy.sty
Package: amsbsy 1999/11/29 v1.2d Bold Symbols
\pmbraise@=\dimen142
) (/Users/mpaldridge/Library/TinyTeX/texmf-dist/tex/latex/amsmath/amsopn.sty
Package: amsopn 2022/04/08 v2.04 operator names
)
\inf@bad=\count194
LaTeX Info: Redefining \frac on input line 234.
\uproot@=\count195
\leftroot@=\count196
LaTeX Info: Redefining \overline on input line 399.
LaTeX Info: Redefining \colon on input line 410.
\classnum@=\count197
\DOTSCASE@=\count198
LaTeX Info: Redefining \ldots on input line 496.
LaTeX Info: Redefining \dots on input line 499.
LaTeX Info: Redefining \cdots on input line 620.
\Mathstrutbox@=\box51
\strutbox@=\box52
LaTeX Info: Redefining \big on input line 722.
LaTeX Info: Redefining \Big on input line 723.
LaTeX Info: Redefining \bigg on input line 724.
LaTeX Info: Redefining \Bigg on input line 725.
\big@size=\dimen143
LaTeX Font Info:    Redeclaring font encoding OML on input line 743.
LaTeX Font Info:    Redeclaring font encoding OMS on input line 744.
\macc@depth=\count199
LaTeX Info: Redefining \bmod on input line 905.
LaTeX Info: Redefining \pmod on input line 910.
LaTeX Info: Redefining \smash on input line 940.
LaTeX Info: Redefining \relbar on input line 970.
LaTeX Info: Redefining \Relbar on input line 971.
\c@MaxMatrixCols=\count266
\dotsspace@=\muskip16
\c@parentequation=\count267
\dspbrk@lvl=\count268
\tag@help=\toks18
\row@=\count269
\column@=\count270
\maxfields@=\count271
\andhelp@=\toks19
\eqnshift@=\dimen144
\alignsep@=\dimen145
\tagshift@=\dimen146
\tagwidth@=\dimen147
\totwidth@=\dimen148
\lineht@=\dimen149
\@envbody=\toks20
\multlinegap=\skip51
\multlinetaggap=\skip52
\mathdisplay@stack=\toks21
LaTeX Info: Redefining \[ on input line 2953.
LaTeX Info: Redefining \] on input line 2954.
) (/Users/mpaldridge/Library/TinyTeX/texmf-dist/tex/latex/amsfonts/amssymb.sty
Package: amssymb 2013/01/14 v3.01 AMS font symbols
(/Users/mpaldridge/Library/TinyTeX/texmf-dist/tex/latex/amsfonts/amsfonts.sty
Package: amsfonts 2013/01/14 v3.01 Basic AMSFonts support
\symAMSa=\mathgroup4
\symAMSb=\mathgroup5
LaTeX Font Info:    Redeclaring math symbol \hbar on input line 98.
LaTeX Font Info:    Overwriting math alphabet `\mathfrak' in version `bold'
(Font)                  U/euf/m/n --> U/euf/b/n on input line 106.
)) (/Users/mpaldridge/Library/TinyTeX/texmf-dist/tex/latex/lm/lmodern.sty
Package: lmodern 2015/05/01 v1.6.1 Latin Modern Fonts
LaTeX Font Info:    Overwriting symbol font `operators' in version `normal'
(Font)                  OT1/cmr/m/n --> OT1/lmr/m/n on input line 22.
LaTeX Font Info:    Overwriting symbol font `letters' in version `normal'
(Font)                  OML/cmm/m/it --> OML/lmm/m/it on input line 23.
LaTeX Font Info:    Overwriting symbol font `symbols' in version `normal'
(Font)                  OMS/cmsy/m/n --> OMS/lmsy/m/n on input line 24.
LaTeX Font Info:    Overwriting symbol font `largesymbols' in version `normal'
(Font)                  OMX/cmex/m/n --> OMX/lmex/m/n on input line 25.
LaTeX Font Info:    Overwriting symbol font `operators' in version `bold'
(Font)                  OT1/cmr/bx/n --> OT1/lmr/bx/n on input line 26.
LaTeX Font Info:    Overwriting symbol font `letters' in version `bold'
(Font)                  OML/cmm/b/it --> OML/lmm/b/it on input line 27.
LaTeX Font Info:    Overwriting symbol font `symbols' in version `bold'
(Font)                  OMS/cmsy/b/n --> OMS/lmsy/b/n on input line 28.
LaTeX Font Info:    Overwriting symbol font `largesymbols' in version `bold'
(Font)                  OMX/cmex/m/n --> OMX/lmex/m/n on input line 29.
LaTeX Font Info:    Overwriting math alphabet `\mathbf' in version `normal'
(Font)                  OT1/cmr/bx/n --> OT1/lmr/bx/n on input line 31.
LaTeX Font Info:    Overwriting math alphabet `\mathsf' in version `normal'
(Font)                  OT1/cmss/m/n --> OT1/lmss/m/n on input line 32.
LaTeX Font Info:    Overwriting math alphabet `\mathit' in version `normal'
(Font)                  OT1/cmr/m/it --> OT1/lmr/m/it on input line 33.
LaTeX Font Info:    Overwriting math alphabet `\mathtt' in version `normal'
(Font)                  OT1/cmtt/m/n --> OT1/lmtt/m/n on input line 34.
LaTeX Font Info:    Overwriting math alphabet `\mathbf' in version `bold'
(Font)                  OT1/cmr/bx/n --> OT1/lmr/bx/n on input line 35.
LaTeX Font Info:    Overwriting math alphabet `\mathsf' in version `bold'
(Font)                  OT1/cmss/bx/n --> OT1/lmss/bx/n on input line 36.
LaTeX Font Info:    Overwriting math alphabet `\mathit' in version `bold'
(Font)                  OT1/cmr/bx/it --> OT1/lmr/bx/it on input line 37.
LaTeX Font Info:    Overwriting math alphabet `\mathtt' in version `bold'
(Font)                  OT1/cmtt/m/n --> OT1/lmtt/m/n on input line 38.
) (/Users/mpaldridge/Library/TinyTeX/texmf-dist/tex/generic/iftex/iftex.sty
Package: iftex 2022/02/03 v1.0f TeX engine tests
) (/Users/mpaldridge/Library/TinyTeX/texmf-dist/tex/latex/base/fontenc.sty
Package: fontenc 2021/04/29 v2.0v Standard LaTeX package
LaTeX Font Info:    Trying to load font information for T1+lmr on input line 112.
(/Users/mpaldridge/Library/TinyTeX/texmf-dist/tex/latex/lm/t1lmr.fd
File: t1lmr.fd 2015/05/01 v1.6.1 Font defs for Latin Modern
)) (/Users/mpaldridge/Library/TinyTeX/texmf-dist/tex/latex/base/inputenc.sty
Package: inputenc 2021/02/14 v1.3d Input encoding file
\inpenc@prehook=\toks22
\inpenc@posthook=\toks23
) (/Users/mpaldridge/Library/TinyTeX/texmf-dist/tex/latex/base/textcomp.sty
Package: textcomp 2020/02/02 v2.0n Standard LaTeX package
) (/Users/mpaldridge/Library/TinyTeX/texmf-dist/tex/latex/xcolor/xcolor.sty
Package: xcolor 2023/11/15 v3.01 LaTeX color extensions (UK)
(/Users/mpaldridge/Library/TinyTeX/texmf-dist/tex/latex/graphics-cfg/color.cfg
File: color.cfg 2016/01/02 v1.6 sample color configuration
)
Package xcolor Info: Driver file: pdftex.def on input line 274.
(/Users/mpaldridge/Library/TinyTeX/texmf-dist/tex/latex/graphics-def/pdftex.def
File: pdftex.def 2022/09/22 v1.2b Graphics/color driver for pdftex
) (/Users/mpaldridge/Library/TinyTeX/texmf-dist/tex/latex/graphics/mathcolor.ltx)
Package xcolor Info: Model `cmy' substituted by `cmy0' on input line 1350.
Package xcolor Info: Model `hsb' substituted by `rgb' on input line 1354.
Package xcolor Info: Model `RGB' extended on input line 1366.
Package xcolor Info: Model `HTML' substituted by `rgb' on input line 1368.
Package xcolor Info: Model `Hsb' substituted by `hsb' on input line 1369.
Package xcolor Info: Model `tHsb' substituted by `hsb' on input line 1370.
Package xcolor Info: Model `HSB' substituted by `hsb' on input line 1371.
Package xcolor Info: Model `Gray' substituted by `gray' on input line 1372.
Package xcolor Info: Model `wave' substituted by `hsb' on input line 1373.
) (/Users/mpaldridge/Library/TinyTeX/texmf-dist/tex/latex/geometry/geometry.sty
Package: geometry 2020/01/02 v5.9 Page Geometry
(/Users/mpaldridge/Library/TinyTeX/texmf-dist/tex/latex/graphics/keyval.sty
Package: keyval 2022/05/29 v1.15 key=value parser (DPC)
\KV@toks@=\toks24
) (/Users/mpaldridge/Library/TinyTeX/texmf-dist/tex/generic/iftex/ifvtex.sty
Package: ifvtex 2019/10/25 v1.7 ifvtex legacy package. Use iftex instead.
)
\Gm@cnth=\count272
\Gm@cntv=\count273
\c@Gm@tempcnt=\count274
\Gm@bindingoffset=\dimen150
\Gm@wd@mp=\dimen151
\Gm@odd@mp=\dimen152
\Gm@even@mp=\dimen153
\Gm@layoutwidth=\dimen154
\Gm@layoutheight=\dimen155
\Gm@layouthoffset=\dimen156
\Gm@layoutvoffset=\dimen157
\Gm@dimlist=\toks25
) (/Users/mpaldridge/Library/TinyTeX/texmf-dist/tex/latex/tools/longtable.sty
Package: longtable 2023-11-01 v4.19 Multi-page Table package (DPC)
\LTleft=\skip53
\LTright=\skip54
\LTpre=\skip55
\LTpost=\skip56
\LTchunksize=\count275
\LTcapwidth=\dimen158
\LT@head=\box53
\LT@firsthead=\box54
\LT@foot=\box55
\LT@lastfoot=\box56
\LT@gbox=\box57
\LT@cols=\count276
\LT@rows=\count277
\c@LT@tables=\count278
\c@LT@chunks=\count279
\LT@p@ftn=\toks26
) (/Users/mpaldridge/Library/TinyTeX/texmf-dist/tex/latex/booktabs/booktabs.sty
Package: booktabs 2020/01/12 v1.61803398 Publication quality tables
\heavyrulewidth=\dimen159
\lightrulewidth=\dimen160
\cmidrulewidth=\dimen161
\belowrulesep=\dimen162
\belowbottomsep=\dimen163
\aboverulesep=\dimen164
\abovetopsep=\dimen165
\cmidrulesep=\dimen166
\cmidrulekern=\dimen167
\defaultaddspace=\dimen168
\@cmidla=\count280
\@cmidlb=\count281
\@aboverulesep=\dimen169
\@belowrulesep=\dimen170
\@thisruleclass=\count282
\@lastruleclass=\count283
\@thisrulewidth=\dimen171
) (/Users/mpaldridge/Library/TinyTeX/texmf-dist/tex/latex/tools/array.sty
Package: array 2023/10/16 v2.5g Tabular extension package (FMi)
\col@sep=\dimen172
\ar@mcellbox=\box58
\extrarowheight=\dimen173
\NC@list=\toks27
\extratabsurround=\skip57
\backup@length=\skip58
\ar@cellbox=\box59
) (/Users/mpaldridge/Library/TinyTeX/texmf-dist/tex/latex/tools/calc.sty
Package: calc 2023/07/08 v4.3 Infix arithmetic (KKT,FJ)
\calc@Acount=\count284
\calc@Bcount=\count285
\calc@Adimen=\dimen174
\calc@Bdimen=\dimen175
\calc@Askip=\skip59
\calc@Bskip=\skip60
LaTeX Info: Redefining \setlength on input line 80.
LaTeX Info: Redefining \addtolength on input line 81.
\calc@Ccount=\count286
\calc@Cskip=\skip61
) (/Users/mpaldridge/Library/TinyTeX/texmf-dist/tex/latex/etoolbox/etoolbox.sty
Package: etoolbox 2020/10/05 v2.5k e-TeX tools for LaTeX (JAW)
\etb@tempcnta=\count287
) (/Users/mpaldridge/Library/TinyTeX/texmf-dist/tex/latex/mdwtools/footnote.sty
Package: footnote 1997/01/28 1.13 Save footnotes around boxes
\fn@notes=\box60
\fn@width=\dimen176
) (/Users/mpaldridge/Library/TinyTeX/texmf-dist/tex/latex/graphics/graphicx.sty
Package: graphicx 2021/09/16 v1.2d Enhanced LaTeX Graphics (DPC,SPQR)
(/Users/mpaldridge/Library/TinyTeX/texmf-dist/tex/latex/graphics/graphics.sty
Package: graphics 2022/03/10 v1.4e Standard LaTeX Graphics (DPC,SPQR)
(/Users/mpaldridge/Library/TinyTeX/texmf-dist/tex/latex/graphics/trig.sty
Package: trig 2021/08/11 v1.11 sin cos tan (DPC)
) (/Users/mpaldridge/Library/TinyTeX/texmf-dist/tex/latex/graphics-cfg/graphics.cfg
File: graphics.cfg 2016/06/04 v1.11 sample graphics configuration
)
Package graphics Info: Driver file: pdftex.def on input line 107.
)
\Gin@req@height=\dimen177
\Gin@req@width=\dimen178
) (/Users/mpaldridge/Library/TinyTeX/texmf-dist/tex/latex/mdframed/mdframed.sty
Package: mdframed 2013/07/01 1.9b: mdframed
(/Users/mpaldridge/Library/TinyTeX/texmf-dist/tex/latex/kvoptions/kvoptions.sty
Package: kvoptions 2022-06-15 v3.15 Key value format for package options (HO)
(/Users/mpaldridge/Library/TinyTeX/texmf-dist/tex/generic/ltxcmds/ltxcmds.sty
Package: ltxcmds 2020-05-10 v1.25 LaTeX kernel commands for general use (HO)
) (/Users/mpaldridge/Library/TinyTeX/texmf-dist/tex/latex/kvsetkeys/kvsetkeys.sty
Package: kvsetkeys 2022-10-05 v1.19 Key value parser (HO)
)) (/Users/mpaldridge/Library/TinyTeX/texmf-dist/tex/latex/l3packages/xparse/xparse.sty (/Users/mpaldridge/Library/TinyTeX/texmf-dist/tex/latex/l3kernel/expl3.sty
Package: expl3 2023-11-09 L3 programming layer (loader) 
(/Users/mpaldridge/Library/TinyTeX/texmf-dist/tex/latex/l3backend/l3backend-pdftex.def
File: l3backend-pdftex.def 2023-11-09 L3 backend support: PDF output (pdfTeX)
\l__color_backend_stack_int=\count288
\l__pdf_internal_box=\box61
))
Package: xparse 2023-10-10 L3 Experimental document command parser
) (/Users/mpaldridge/Library/TinyTeX/texmf-dist/tex/latex/zref/zref-abspage.sty
Package: zref-abspage 2023-09-14 v2.35 Module abspage for zref (HO)
(/Users/mpaldridge/Library/TinyTeX/texmf-dist/tex/latex/zref/zref-base.sty
Package: zref-base 2023-09-14 v2.35 Module base for zref (HO)
(/Users/mpaldridge/Library/TinyTeX/texmf-dist/tex/generic/infwarerr/infwarerr.sty
Package: infwarerr 2019/12/03 v1.5 Providing info/warning/error messages (HO)
) (/Users/mpaldridge/Library/TinyTeX/texmf-dist/tex/generic/kvdefinekeys/kvdefinekeys.sty
Package: kvdefinekeys 2019-12-19 v1.6 Define keys (HO)
) (/Users/mpaldridge/Library/TinyTeX/texmf-dist/tex/generic/pdftexcmds/pdftexcmds.sty
Package: pdftexcmds 2020-06-27 v0.33 Utility functions of pdfTeX for LuaTeX (HO)
Package pdftexcmds Info: \pdf@primitive is available.
Package pdftexcmds Info: \pdf@ifprimitive is available.
Package pdftexcmds Info: \pdfdraftmode found.
) (/Users/mpaldridge/Library/TinyTeX/texmf-dist/tex/generic/etexcmds/etexcmds.sty
Package: etexcmds 2019/12/15 v1.7 Avoid name clashes with e-TeX commands (HO)
) (/Users/mpaldridge/Library/TinyTeX/texmf-dist/tex/latex/auxhook/auxhook.sty
Package: auxhook 2019-12-17 v1.6 Hooks for auxiliary files (HO)
)
Package zref Info: New property list: main on input line 767.
Package zref Info: New property: default on input line 768.
Package zref Info: New property: page on input line 769.
)
\c@abspage=\count289
Package zref Info: New property: abspage on input line 67.
) (/Users/mpaldridge/Library/TinyTeX/texmf-dist/tex/latex/needspace/needspace.sty
Package: needspace 2010/09/12 v1.3d reserve vertical space
)
\mdf@templength=\skip62
\c@mdf@globalstyle@cnt=\count290
\mdf@skipabove@length=\skip63
\mdf@skipbelow@length=\skip64
\mdf@leftmargin@length=\skip65
\mdf@rightmargin@length=\skip66
\mdf@innerleftmargin@length=\skip67
\mdf@innerrightmargin@length=\skip68
\mdf@innertopmargin@length=\skip69
\mdf@innerbottommargin@length=\skip70
\mdf@splittopskip@length=\skip71
\mdf@splitbottomskip@length=\skip72
\mdf@outermargin@length=\skip73
\mdf@innermargin@length=\skip74
\mdf@linewidth@length=\skip75
\mdf@innerlinewidth@length=\skip76
\mdf@middlelinewidth@length=\skip77
\mdf@outerlinewidth@length=\skip78
\mdf@roundcorner@length=\skip79
\mdf@footenotedistance@length=\skip80
\mdf@userdefinedwidth@length=\skip81
\mdf@needspace@length=\skip82
\mdf@frametitleaboveskip@length=\skip83
\mdf@frametitlebelowskip@length=\skip84
\mdf@frametitlerulewidth@length=\skip85
\mdf@frametitleleftmargin@length=\skip86
\mdf@frametitlerightmargin@length=\skip87
\mdf@shadowsize@length=\skip88
\mdf@extratopheight@length=\skip89
\mdf@subtitleabovelinewidth@length=\skip90
\mdf@subtitlebelowlinewidth@length=\skip91
\mdf@subtitleaboveskip@length=\skip92
\mdf@subtitlebelowskip@length=\skip93
\mdf@subtitleinneraboveskip@length=\skip94
\mdf@subtitleinnerbelowskip@length=\skip95
\mdf@subsubtitleabovelinewidth@length=\skip96
\mdf@subsubtitlebelowlinewidth@length=\skip97
\mdf@subsubtitleaboveskip@length=\skip98
\mdf@subsubtitlebelowskip@length=\skip99
\mdf@subsubtitleinneraboveskip@length=\skip100
\mdf@subsubtitleinnerbelowskip@length=\skip101
(/Users/mpaldridge/Library/TinyTeX/texmf-dist/tex/latex/mdframed/md-frame-0.mdf
File: md-frame-0.mdf 2013/07/01\ 1.9b: md-frame-0
)
\mdf@frametitlebox=\box62
\mdf@footnotebox=\box63
\mdf@splitbox@one=\box64
\mdf@splitbox@two=\box65
\mdf@splitbox@save=\box66
\mdfsplitboxwidth=\skip102
\mdfsplitboxtotalwidth=\skip103
\mdfsplitboxheight=\skip104
\mdfsplitboxdepth=\skip105
\mdfsplitboxtotalheight=\skip106
\mdfframetitleboxwidth=\skip107
\mdfframetitleboxtotalwidth=\skip108
\mdfframetitleboxheight=\skip109
\mdfframetitleboxdepth=\skip110
\mdfframetitleboxtotalheight=\skip111
\mdffootnoteboxwidth=\skip112
\mdffootnoteboxtotalwidth=\skip113
\mdffootnoteboxheight=\skip114
\mdffootnoteboxdepth=\skip115
\mdffootnoteboxtotalheight=\skip116
\mdftotallinewidth=\skip117
\mdfboundingboxwidth=\skip118
\mdfboundingboxtotalwidth=\skip119
\mdfboundingboxheight=\skip120
\mdfboundingboxdepth=\skip121
\mdfboundingboxtotalheight=\skip122
\mdf@freevspace@length=\skip123
\mdf@horizontalwidthofbox@length=\skip124
\mdf@verticalmarginwhole@length=\skip125
\mdf@horizontalspaceofbox=\skip126
\mdfsubtitleheight=\skip127
\mdfsubsubtitleheight=\skip128
\c@mdfcountframes=\count291

****** mdframed patching \endmdf@trivlist

****** -- success******

\mdf@envdepth=\count292
\c@mdf@env@i=\count293
\c@mdf@env@ii=\count294
\c@mdf@zref@counter=\count295
Package zref Info: New property: mdf@pagevalue on input line 895.
) (/Users/mpaldridge/Library/TinyTeX/texmf-dist/tex/latex/comment/comment.sty
\CommentStream=\write3
Excluding comment 'comment') Excluding comment 'mysummary' (/Users/mpaldridge/Library/TinyTeX/texmf-dist/tex/latex/titling/titling.sty
Package: titling 2009/09/04 v2.1d maketitle typesetting
\thanksmarkwidth=\skip129
\thanksmargin=\skip130
\droptitle=\skip131
) (/Users/mpaldridge/Library/TinyTeX/texmf-dist/tex/latex/bookmark/bookmark.sty
Package: bookmark 2020-11-06 v1.29 PDF bookmarks (HO)
(/Users/mpaldridge/Library/TinyTeX/texmf-dist/tex/latex/hyperref/hyperref.sty
Package: hyperref 2023-11-09 v7.01f Hypertext links for LaTeX
(/Users/mpaldridge/Library/TinyTeX/texmf-dist/tex/generic/pdfescape/pdfescape.sty
Package: pdfescape 2019/12/09 v1.15 Implements pdfTeX's escape features (HO)
) (/Users/mpaldridge/Library/TinyTeX/texmf-dist/tex/latex/hycolor/hycolor.sty
Package: hycolor 2020-01-27 v1.10 Color options for hyperref/bookmark (HO)
) (/Users/mpaldridge/Library/TinyTeX/texmf-dist/tex/latex/letltxmacro/letltxmacro.sty
Package: letltxmacro 2019/12/03 v1.6 Let assignment for LaTeX macros (HO)
) (/Users/mpaldridge/Library/TinyTeX/texmf-dist/tex/latex/hyperref/nameref.sty
Package: nameref 2023-11-09 v2.55 Cross-referencing by name of section
(/Users/mpaldridge/Library/TinyTeX/texmf-dist/tex/latex/refcount/refcount.sty
Package: refcount 2019/12/15 v3.6 Data extraction from label references (HO)
) (/Users/mpaldridge/Library/TinyTeX/texmf-dist/tex/generic/gettitlestring/gettitlestring.sty
Package: gettitlestring 2019/12/15 v1.6 Cleanup title references (HO)
)
\c@section@level=\count296
)
\@linkdim=\dimen179
\Hy@linkcounter=\count297
\Hy@pagecounter=\count298
(/Users/mpaldridge/Library/TinyTeX/texmf-dist/tex/latex/hyperref/pd1enc.def
File: pd1enc.def 2023-11-09 v7.01f Hyperref: PDFDocEncoding definition (HO)
Now handling font encoding PD1 ...
... no UTF-8 mapping file for font encoding PD1
) (/Users/mpaldridge/Library/TinyTeX/texmf-dist/tex/generic/intcalc/intcalc.sty
Package: intcalc 2019/12/15 v1.3 Expandable calculations with integers (HO)
)
\Hy@SavedSpaceFactor=\count299
(/Users/mpaldridge/Library/TinyTeX/texmf-dist/tex/latex/hyperref/puenc.def
File: puenc.def 2023-11-09 v7.01f Hyperref: PDF Unicode definition (HO)
Now handling font encoding PU ...
... no UTF-8 mapping file for font encoding PU
)
Package hyperref Info: Option `unicode' set `true' on input line 4054.
Package hyperref Info: Hyper figures OFF on input line 4171.
Package hyperref Info: Link nesting OFF on input line 4176.
Package hyperref Info: Hyper index ON on input line 4179.
Package hyperref Info: Plain pages OFF on input line 4186.
Package hyperref Info: Backreferencing OFF on input line 4191.
Package hyperref Info: Implicit mode ON; LaTeX internals redefined.
Package hyperref Info: Bookmarks ON on input line 4438.
\c@Hy@tempcnt=\count300
(/Users/mpaldridge/Library/TinyTeX/texmf-dist/tex/latex/url/url.sty
\Urlmuskip=\muskip17
Package: url 2013/09/16  ver 3.4  Verb mode for urls, etc.
)
LaTeX Info: Redefining \url on input line 4776.
\XeTeXLinkMargin=\dimen180
(/Users/mpaldridge/Library/TinyTeX/texmf-dist/tex/generic/bitset/bitset.sty
Package: bitset 2019/12/09 v1.3 Handle bit-vector datatype (HO)
(/Users/mpaldridge/Library/TinyTeX/texmf-dist/tex/generic/bigintcalc/bigintcalc.sty
Package: bigintcalc 2019/12/15 v1.5 Expandable calculations on big integers (HO)
))
\Fld@menulength=\count301
\Field@Width=\dimen181
\Fld@charsize=\dimen182
Package hyperref Info: Hyper figures OFF on input line 6055.
Package hyperref Info: Link nesting OFF on input line 6060.
Package hyperref Info: Hyper index ON on input line 6063.
Package hyperref Info: backreferencing OFF on input line 6070.
Package hyperref Info: Link coloring OFF on input line 6075.
Package hyperref Info: Link coloring with OCG OFF on input line 6080.
Package hyperref Info: PDF/A mode OFF on input line 6085.
(/Users/mpaldridge/Library/TinyTeX/texmf-dist/tex/latex/base/atbegshi-ltx.sty
Package: atbegshi-ltx 2021/01/10 v1.0c Emulation of the original atbegshi
package with kernel methods
)
\Hy@abspage=\count302
\c@Item=\count303
\c@Hfootnote=\count304
)
Package hyperref Info: Driver (autodetected): hpdftex.
(/Users/mpaldridge/Library/TinyTeX/texmf-dist/tex/latex/hyperref/hpdftex.def
File: hpdftex.def 2023-11-09 v7.01f Hyperref driver for pdfTeX
(/Users/mpaldridge/Library/TinyTeX/texmf-dist/tex/latex/base/atveryend-ltx.sty
Package: atveryend-ltx 2020/08/19 v1.0a Emulation of the original atveryend package
with kernel methods
)
\HyAnn@Count=\count305
\Fld@listcount=\count306
\c@bookmark@seq@number=\count307
(/Users/mpaldridge/Library/TinyTeX/texmf-dist/tex/latex/rerunfilecheck/rerunfilecheck.sty
Package: rerunfilecheck 2022-07-10 v1.10 Rerun checks for auxiliary files (HO)
(/Users/mpaldridge/Library/TinyTeX/texmf-dist/tex/generic/uniquecounter/uniquecounter.sty
Package: uniquecounter 2019/12/15 v1.4 Provide unlimited unique counter (HO)
)
Package uniquecounter Info: New unique counter `rerunfilecheck' on input line 285.
)
\Hy@SectionHShift=\skip132
) (/Users/mpaldridge/Library/TinyTeX/texmf-dist/tex/latex/bookmark/bkm-pdftex.def
File: bkm-pdftex.def 2020-11-06 v1.29 bookmark driver for pdfTeX (HO)
\BKM@id=\count308
)) (./P4-sheet-sols.aux)
\openout1 = `P4-sheet-sols.aux'.

LaTeX Font Info:    Checking defaults for OML/cmm/m/it on input line 91.
LaTeX Font Info:    ... okay on input line 91.
LaTeX Font Info:    Checking defaults for OMS/cmsy/m/n on input line 91.
LaTeX Font Info:    ... okay on input line 91.
LaTeX Font Info:    Checking defaults for OT1/cmr/m/n on input line 91.
LaTeX Font Info:    ... okay on input line 91.
LaTeX Font Info:    Checking defaults for T1/cmr/m/n on input line 91.
LaTeX Font Info:    ... okay on input line 91.
LaTeX Font Info:    Checking defaults for TS1/cmr/m/n on input line 91.
LaTeX Font Info:    ... okay on input line 91.
LaTeX Font Info:    Checking defaults for OMX/cmex/m/n on input line 91.
LaTeX Font Info:    ... okay on input line 91.
LaTeX Font Info:    Checking defaults for U/cmr/m/n on input line 91.
LaTeX Font Info:    ... okay on input line 91.
LaTeX Font Info:    Checking defaults for PD1/pdf/m/n on input line 91.
LaTeX Font Info:    ... okay on input line 91.
LaTeX Font Info:    Checking defaults for PU/pdf/m/n on input line 91.
LaTeX Font Info:    ... okay on input line 91.
(/Users/mpaldridge/Library/TinyTeX/texmf-dist/tex/latex/epstopdf-pkg/epstopdf-base.sty
Package: epstopdf-base 2020-01-24 v2.11 Base part for package epstopdf
Package epstopdf-base Info: Redefining graphics rule for `.eps' on input line 485.
(/Users/mpaldridge/Library/TinyTeX/texmf-dist/tex/latex/latexconfig/epstopdf-sys.cfg
File: epstopdf-sys.cfg 2010/07/13 v1.3 Configuration of (r)epstopdf for TeX Live
))
*geometry* driver: auto-detecting
*geometry* detected driver: pdftex
*geometry* verbose mode - [ preamble ] result:
* driver: pdftex
* paper: <default>
* layout: <same size as paper>
* layoutoffset:(h,v)=(0.0pt,0.0pt)
* modes: 
* h-part:(L,W,R)=(72.26999pt, 469.75502pt, 72.26999pt)
* v-part:(T,H,B)=(72.26999pt, 650.43001pt, 72.26999pt)
* \paperwidth=614.295pt
* \paperheight=794.96999pt
* \textwidth=469.75502pt
* \textheight=650.43001pt
* \oddsidemargin=0.0pt
* \evensidemargin=0.0pt
* \topmargin=-37.0pt
* \headheight=12.0pt
* \headsep=25.0pt
* \topskip=10.0pt
* \footskip=30.0pt
* \marginparwidth=65.0pt
* \marginparsep=11.0pt
* \columnsep=10.0pt
* \skip\footins=9.0pt plus 4.0pt minus 2.0pt
* \hoffset=0.0pt
* \voffset=0.0pt
* \mag=1000
* \@twocolumnfalse
* \@twosidefalse
* \@mparswitchfalse
* \@reversemarginfalse
* (1in=72.27pt=25.4mm, 1cm=28.453pt)

Package hyperref Info: Link coloring OFF on input line 91.
LaTeX Font Info:    Trying to load font information for OT1+lmr on input line 93.
(/Users/mpaldridge/Library/TinyTeX/texmf-dist/tex/latex/lm/ot1lmr.fd
File: ot1lmr.fd 2015/05/01 v1.6.1 Font defs for Latin Modern
)
LaTeX Font Info:    Trying to load font information for OML+lmm on input line 93.
(/Users/mpaldridge/Library/TinyTeX/texmf-dist/tex/latex/lm/omllmm.fd
File: omllmm.fd 2015/05/01 v1.6.1 Font defs for Latin Modern
)
LaTeX Font Info:    Trying to load font information for OMS+lmsy on input line 93.
(/Users/mpaldridge/Library/TinyTeX/texmf-dist/tex/latex/lm/omslmsy.fd
File: omslmsy.fd 2015/05/01 v1.6.1 Font defs for Latin Modern
)
LaTeX Font Info:    Trying to load font information for OMX+lmex on input line 93.
(/Users/mpaldridge/Library/TinyTeX/texmf-dist/tex/latex/lm/omxlmex.fd
File: omxlmex.fd 2015/05/01 v1.6.1 Font defs for Latin Modern
)
LaTeX Font Info:    External font `lmex10' loaded for size
(Font)              <12> on input line 93.
LaTeX Font Info:    External font `lmex10' loaded for size
(Font)              <8> on input line 93.
LaTeX Font Info:    External font `lmex10' loaded for size
(Font)              <6> on input line 93.
LaTeX Font Info:    Trying to load font information for U+msa on input line 93.
(/Users/mpaldridge/Library/TinyTeX/texmf-dist/tex/latex/amsfonts/umsa.fd
File: umsa.fd 2013/01/14 v3.01 AMS symbols A
)
LaTeX Font Info:    Trying to load font information for U+msb on input line 93.
(/Users/mpaldridge/Library/TinyTeX/texmf-dist/tex/latex/amsfonts/umsb.fd
File: umsb.fd 2013/01/14 v3.01 AMS symbols B
)
LaTeX Font Info:    External font `lmex10' loaded for size
(Font)              <10> on input line 98.
LaTeX Font Info:    External font `lmex10' loaded for size
(Font)              <7> on input line 98.
LaTeX Font Info:    External font `lmex10' loaded for size
(Font)              <5> on input line 98.

Overfull \hbox (12.50224pt too wide) detected at line 116
[]
 []


Package mdframed Warning: You got a bad break
(mdframed)                because the last box will be empty
(mdframed)                you have to change it manually
(mdframed)                by changing the text, the space
(mdframed)                or something else on input line 150.

Package mdframed Info: You first box width is to small
 mdframed fixed it
(mdframed)              on input line 150.
[1

{/Users/mpaldridge/Library/TinyTeX/texmf-var/fonts/map/pdftex/updmap/pdftex.map}{/Users/mpaldridge/Library/TinyTeX/texmf-dist/fonts/enc/dvips/lm/lm-ec.enc}{/Users/mpaldridge/Library/TinyTeX/texmf-dist/fonts/enc/dvips/lm/lm-mathit.enc}{/Users/mpaldridge/Library/TinyTeX/texmf-dist/fonts/enc/dvips/lm/lm-mathsy.enc}{/Users/mpaldridge/Library/TinyTeX/texmf-dist/fonts/enc/dvips/lm/lm-rm.enc}{/Users/mpaldridge/Library/TinyTeX/texmf-dist/fonts/enc/dvips/lm/lm-mathex.enc}]

Package mdframed Warning: You got a bad break
(mdframed)                because the last split box is empty
(mdframed)                You have to change the settings on input line 150.

[2]
Overfull \vbox (14.3391pt too high) detected at line 327
 []

Package mdframed Info: Box was splittet wrong
 starting loop to iterate the splitting point
(mdframed)              on input line 327.

Overfull \vbox (15.3391pt too high) detected at line 327
 []


Overfull \vbox (16.3391pt too high) detected at line 327
 []


Overfull \vbox (17.3391pt too high) detected at line 327
 []


Overfull \vbox (18.3391pt too high) detected at line 327
 []


Overfull \vbox (19.3391pt too high) detected at line 327
 []


Overfull \vbox (20.3391pt too high) detected at line 327
 []


Overfull \vbox (21.3391pt too high) detected at line 327
 []


Overfull \vbox (22.3391pt too high) detected at line 327
 []


Overfull \vbox (23.3391pt too high) detected at line 327
 []


Overfull \vbox (24.3391pt too high) detected at line 327
 []


Overfull \vbox (25.3391pt too high) detected at line 327
 []


Overfull \vbox (26.3391pt too high) detected at line 327
 []


Overfull \vbox (27.3391pt too high) detected at line 327
 []


Overfull \vbox (28.3391pt too high) detected at line 327
 []


Overfull \vbox (29.3391pt too high) detected at line 327
 []


Overfull \vbox (30.3391pt too high) detected at line 327
 []


Overfull \vbox (31.3391pt too high) detected at line 327
 []


Overfull \vbox (32.3391pt too high) detected at line 327
 []


Overfull \vbox (33.3391pt too high) detected at line 327
 []


Overfull \vbox (34.3391pt too high) detected at line 327
 []


Overfull \vbox (35.3391pt too high) detected at line 327
 []


Overfull \vbox (36.3391pt too high) detected at line 327
 []


Overfull \vbox (37.3391pt too high) detected at line 327
 []


Overfull \vbox (38.3391pt too high) detected at line 327
 []


Overfull \vbox (39.3391pt too high) detected at line 327
 []


Overfull \vbox (40.3391pt too high) detected at line 327
 []


Overfull \vbox (41.3391pt too high) detected at line 327
 []


Overfull \vbox (42.3391pt too high) detected at line 327
 []


Overfull \vbox (43.3391pt too high) detected at line 327
 []


Overfull \vbox (44.3391pt too high) detected at line 327
 []


Overfull \vbox (45.3391pt too high) detected at line 327
 []


Overfull \vbox (46.3391pt too high) detected at line 327
 []


Overfull \vbox (47.3391pt too high) detected at line 327
 []


Overfull \vbox (48.3391pt too high) detected at line 327
 []


Overfull \vbox (49.3391pt too high) detected at line 327
 []


Overfull \vbox (50.3391pt too high) detected at line 327
 []


Overfull \vbox (51.3391pt too high) detected at line 327
 []


Overfull \vbox (52.3391pt too high) detected at line 327
 []


Overfull \vbox (53.3391pt too high) detected at line 327
 []


Overfull \vbox (54.3391pt too high) detected at line 327
 []


Overfull \vbox (55.3391pt too high) detected at line 327
 []


Overfull \vbox (56.3391pt too high) detected at line 327
 []


Overfull \vbox (57.3391pt too high) detected at line 327
 []


Overfull \vbox (58.3391pt too high) detected at line 327
 []


Overfull \vbox (59.3391pt too high) detected at line 327
 []


Overfull \vbox (60.3391pt too high) detected at line 327
 []


Overfull \vbox (61.3391pt too high) detected at line 327
 []


Overfull \vbox (62.3391pt too high) detected at line 327
 []


Overfull \vbox (63.3391pt too high) detected at line 327
 []


Overfull \vbox (64.3391pt too high) detected at line 327
 []


Overfull \vbox (65.3391pt too high) detected at line 327
 []


Overfull \vbox (66.3391pt too high) detected at line 327
 []


Overfull \vbox (67.3391pt too high) detected at line 327
 []


Overfull \vbox (68.3391pt too high) detected at line 327
 []


Overfull \vbox (69.3391pt too high) detected at line 327
 []


Overfull \vbox (70.3391pt too high) detected at line 327
 []


Overfull \vbox (71.3391pt too high) detected at line 327
 []


Overfull \vbox (72.3391pt too high) detected at line 327
 []


Overfull \vbox (73.3391pt too high) detected at line 327
 []


Overfull \vbox (74.3391pt too high) detected at line 327
 []


Overfull \vbox (75.3391pt too high) detected at line 327
 []


Overfull \vbox (76.3391pt too high) detected at line 327
 []


Overfull \vbox (77.3391pt too high) detected at line 327
 []


Overfull \vbox (78.3391pt too high) detected at line 327
 []


Overfull \vbox (79.3391pt too high) detected at line 327
 []


Overfull \vbox (80.3391pt too high) detected at line 327
 []


Overfull \vbox (81.3391pt too high) detected at line 327
 []


Overfull \vbox (82.3391pt too high) detected at line 327
 []


Overfull \vbox (83.3391pt too high) detected at line 327
 []


Overfull \vbox (84.3391pt too high) detected at line 327
 []


Overfull \vbox (85.3391pt too high) detected at line 327
 []


Overfull \vbox (86.3391pt too high) detected at line 327
 []


Overfull \vbox (87.3391pt too high) detected at line 327
 []


Overfull \vbox (88.3391pt too high) detected at line 327
 []


Overfull \vbox (89.3391pt too high) detected at line 327
 []


Overfull \vbox (90.3391pt too high) detected at line 327
 []


Overfull \vbox (91.3391pt too high) detected at line 327
 []


Overfull \vbox (92.3391pt too high) detected at line 327
 []


Overfull \vbox (93.3391pt too high) detected at line 327
 []


Overfull \vbox (94.3391pt too high) detected at line 327
 []


Overfull \vbox (95.3391pt too high) detected at line 327
 []


Overfull \vbox (96.3391pt too high) detected at line 327
 []


Overfull \vbox (97.3391pt too high) detected at line 327
 []


Overfull \vbox (98.3391pt too high) detected at line 327
 []


Overfull \vbox (99.3391pt too high) detected at line 327
 []


Overfull \vbox (100.3391pt too high) detected at line 327
 []


Overfull \vbox (101.3391pt too high) detected at line 327
 []


Overfull \vbox (102.3391pt too high) detected at line 327
 []


Overfull \vbox (103.3391pt too high) detected at line 327
 []


Overfull \vbox (104.3391pt too high) detected at line 327
 []


Overfull \vbox (105.3391pt too high) detected at line 327
 []


Overfull \vbox (106.3391pt too high) detected at line 327
 []


Overfull \vbox (107.3391pt too high) detected at line 327
 []


Overfull \vbox (108.3391pt too high) detected at line 327
 []


Overfull \vbox (109.3391pt too high) detected at line 327
 []


Overfull \vbox (110.3391pt too high) detected at line 327
 []


Overfull \vbox (111.3391pt too high) detected at line 327
 []


Overfull \vbox (112.3391pt too high) detected at line 327
 []


Overfull \vbox (113.3391pt too high) detected at line 327
 []


Overfull \vbox (114.3391pt too high) detected at line 327
 []


Overfull \vbox (115.3391pt too high) detected at line 327
 []


Package mdframed Warning: correct box splittet fails
 It seems you are using a non splittable contents
(mdframed)                 on input line 327.

Package mdframed Info: You first box width is to small
 mdframed fixed it
(mdframed)              on input line 327.
[3]
Overfull \vbox (68.49121pt too high) detected at line 385
 []

Package mdframed Info: Box was splittet wrong
 starting loop to iterate the splitting point
(mdframed)              on input line 385.

Overfull \vbox (69.49121pt too high) detected at line 385
 []


Overfull \vbox (70.49121pt too high) detected at line 385
 []


Overfull \vbox (71.49121pt too high) detected at line 385
 []


Overfull \vbox (72.49121pt too high) detected at line 385
 []


Overfull \vbox (73.49121pt too high) detected at line 385
 []


Overfull \vbox (74.49121pt too high) detected at line 385
 []


Overfull \vbox (75.49121pt too high) detected at line 385
 []


Overfull \vbox (76.49121pt too high) detected at line 385
 []


Overfull \vbox (77.49121pt too high) detected at line 385
 []


Overfull \vbox (78.49121pt too high) detected at line 385
 []


Overfull \vbox (79.49121pt too high) detected at line 385
 []


Overfull \vbox (80.49121pt too high) detected at line 385
 []


Overfull \vbox (81.49121pt too high) detected at line 385
 []


Overfull \vbox (82.49121pt too high) detected at line 385
 []


Overfull \vbox (83.49121pt too high) detected at line 385
 []


Overfull \vbox (84.49121pt too high) detected at line 385
 []


Overfull \vbox (85.49121pt too high) detected at line 385
 []


Overfull \vbox (86.49121pt too high) detected at line 385
 []


Overfull \vbox (87.49121pt too high) detected at line 385
 []


Overfull \vbox (88.49121pt too high) detected at line 385
 []


Overfull \vbox (89.49121pt too high) detected at line 385
 []


Overfull \vbox (90.49121pt too high) detected at line 385
 []


Overfull \vbox (91.49121pt too high) detected at line 385
 []


Overfull \vbox (92.49121pt too high) detected at line 385
 []


Overfull \vbox (93.49121pt too high) detected at line 385
 []


Overfull \vbox (94.49121pt too high) detected at line 385
 []


Overfull \vbox (95.49121pt too high) detected at line 385
 []


Overfull \vbox (96.49121pt too high) detected at line 385
 []


Overfull \vbox (97.49121pt too high) detected at line 385
 []


Overfull \vbox (98.49121pt too high) detected at line 385
 []


Overfull \vbox (99.49121pt too high) detected at line 385
 []


Overfull \vbox (100.49121pt too high) detected at line 385
 []


Overfull \vbox (101.49121pt too high) detected at line 385
 []


Overfull \vbox (102.49121pt too high) detected at line 385
 []


Overfull \vbox (103.49121pt too high) detected at line 385
 []


Overfull \vbox (104.49121pt too high) detected at line 385
 []


Overfull \vbox (105.49121pt too high) detected at line 385
 []


Overfull \vbox (106.49121pt too high) detected at line 385
 []


Overfull \vbox (107.49121pt too high) detected at line 385
 []


Overfull \vbox (108.49121pt too high) detected at line 385
 []


Overfull \vbox (109.49121pt too high) detected at line 385
 []


Overfull \vbox (110.49121pt too high) detected at line 385
 []


Overfull \vbox (111.49121pt too high) detected at line 385
 []


Overfull \vbox (112.49121pt too high) detected at line 385
 []


Overfull \vbox (113.49121pt too high) detected at line 385
 []


Overfull \vbox (114.49121pt too high) detected at line 385
 []


Overfull \vbox (115.49121pt too high) detected at line 385
 []


Overfull \vbox (116.49121pt too high) detected at line 385
 []


Overfull \vbox (117.49121pt too high) detected at line 385
 []


Overfull \vbox (118.49121pt too high) detected at line 385
 []


Overfull \vbox (119.49121pt too high) detected at line 385
 []


Overfull \vbox (120.49121pt too high) detected at line 385
 []


Overfull \vbox (121.49121pt too high) detected at line 385
 []


Overfull \vbox (122.49121pt too high) detected at line 385
 []


Overfull \vbox (123.49121pt too high) detected at line 385
 []


Overfull \vbox (124.49121pt too high) detected at line 385
 []


Overfull \vbox (125.49121pt too high) detected at line 385
 []


Overfull \vbox (126.49121pt too high) detected at line 385
 []


Overfull \vbox (127.49121pt too high) detected at line 385
 []


Overfull \vbox (128.49121pt too high) detected at line 385
 []


Overfull \vbox (129.49121pt too high) detected at line 385
 []


Overfull \vbox (130.49121pt too high) detected at line 385
 []


Overfull \vbox (131.49121pt too high) detected at line 385
 []


Overfull \vbox (132.49121pt too high) detected at line 385
 []


Overfull \vbox (133.49121pt too high) detected at line 385
 []


Overfull \vbox (134.49121pt too high) detected at line 385
 []


Overfull \vbox (135.49121pt too high) detected at line 385
 []


Overfull \vbox (136.49121pt too high) detected at line 385
 []


Overfull \vbox (137.49121pt too high) detected at line 385
 []


Overfull \vbox (138.49121pt too high) detected at line 385
 []


Overfull \vbox (139.49121pt too high) detected at line 385
 []


Overfull \vbox (140.49121pt too high) detected at line 385
 []


Overfull \vbox (141.49121pt too high) detected at line 385
 []


Overfull \vbox (142.49121pt too high) detected at line 385
 []


Overfull \vbox (143.49121pt too high) detected at line 385
 []


Overfull \vbox (144.49121pt too high) detected at line 385
 []


Overfull \vbox (145.49121pt too high) detected at line 385
 []


Overfull \vbox (146.49121pt too high) detected at line 385
 []


Overfull \vbox (147.49121pt too high) detected at line 385
 []


Overfull \vbox (148.49121pt too high) detected at line 385
 []


Overfull \vbox (149.49121pt too high) detected at line 385
 []


Overfull \vbox (150.49121pt too high) detected at line 385
 []


Overfull \vbox (151.49121pt too high) detected at line 385
 []


Overfull \vbox (152.49121pt too high) detected at line 385
 []


Overfull \vbox (153.49121pt too high) detected at line 385
 []


Overfull \vbox (154.49121pt too high) detected at line 385
 []


Overfull \vbox (155.49121pt too high) detected at line 385
 []


Overfull \vbox (156.49121pt too high) detected at line 385
 []


Overfull \vbox (157.49121pt too high) detected at line 385
 []


Overfull \vbox (158.49121pt too high) detected at line 385
 []


Overfull \vbox (159.49121pt too high) detected at line 385
 []


Overfull \vbox (160.49121pt too high) detected at line 385
 []


Overfull \vbox (161.49121pt too high) detected at line 385
 []


Overfull \vbox (162.49121pt too high) detected at line 385
 []


Overfull \vbox (163.49121pt too high) detected at line 385
 []


Overfull \vbox (164.49121pt too high) detected at line 385
 []


Overfull \vbox (165.49121pt too high) detected at line 385
 []


Overfull \vbox (166.49121pt too high) detected at line 385
 []


Overfull \vbox (167.49121pt too high) detected at line 385
 []


Overfull \vbox (168.49121pt too high) detected at line 385
 []


Overfull \vbox (169.49121pt too high) detected at line 385
 []


Package mdframed Warning: correct box splittet fails
 It seems you are using a non splittable contents
(mdframed)                 on input line 385.

Package mdframed Info: You first box width is to small
 mdframed fixed it
(mdframed)              on input line 385.
[4] [5] [6] [7]
Package mdframed Info: Not enough space on this page on input line 571.
LaTeX Font Info:    Trying to load font information for T1+lmtt on input line 590.
(/Users/mpaldridge/Library/TinyTeX/texmf-dist/tex/latex/lm/t1lmtt.fd
File: t1lmtt.fd 2015/05/01 v1.6.1 Font defs for Latin Modern
) [8] (./P4-sheet-sols.aux)
 ***********
LaTeX2e <2023-11-01>
L3 programming layer <2023-11-09>
 ***********
 ) 
Here is how much of TeX's memory you used:
 12410 strings out of 476233
 197121 string characters out of 5795852
 1954555 words of memory out of 5000000
 34118 multiletter control sequences out of 15000+600000
 607912 words of font info for 76 fonts, out of 8000000 for 9000
 14 hyphenation exceptions out of 8191
 79i,14n,93p,475b,607s stack positions out of 10000i,1000n,20000p,200000b,200000s

pdfTeX warning (dest): name{combinations} has been referenced but does not exist, replaced by a fixed one

</Users/mpaldridge/Library/TinyTeX/texmf-dist/fonts/type1/public/lm/lmbx10.pfb></Users/mpaldridge/Library/TinyTeX/texmf-dist/fonts/type1/public/lm/lmbx12.pfb></Users/mpaldridge/Library/TinyTeX/texmf-dist/fonts/type1/public/lm/lmex10.pfb></Users/mpaldridge/Library/TinyTeX/texmf-dist/fonts/type1/public/lm/lmmi10.pfb></Users/mpaldridge/Library/TinyTeX/texmf-dist/fonts/type1/public/lm/lmmi7.pfb></Users/mpaldridge/Library/TinyTeX/texmf-dist/fonts/type1/public/lm/lmr10.pfb></Users/mpaldridge/Library/TinyTeX/texmf-dist/fonts/type1/public/lm/lmr12.pfb></Users/mpaldridge/Library/TinyTeX/texmf-dist/fonts/type1/public/lm/lmr17.pfb></Users/mpaldridge/Library/TinyTeX/texmf-dist/fonts/type1/public/lm/lmr7.pfb></Users/mpaldridge/Library/TinyTeX/texmf-dist/fonts/type1/public/lm/lmri10.pfb></Users/mpaldridge/Library/TinyTeX/texmf-dist/fonts/type1/public/lm/lmsy10.pfb></Users/mpaldridge/Library/TinyTeX/texmf-dist/fonts/type1/public/lm/lmsy7.pfb></Users/mpaldridge/Library/TinyTeX/texmf-dist/fonts/type1/public/lm/lmtt10.pfb></Users/mpaldridge/Library/TinyTeX/texmf-dist/fonts/type1/public/amsfonts/symbols/msbm10.pfb>
Output written on P4-sheet-sols.pdf (8 pages, 251613 bytes).
PDF statistics:
 152 PDF objects out of 1000 (max. 8388607)
 111 compressed objects within 2 object streams
 24 named destinations out of 1000 (max. 500000)
 25 words of extra memory for PDF output out of 10000 (max. 10000000)

